<?xml version="1.0" encoding="UTF-8"?>
<!-- Generated by org.testng.reporters.JUnitReportReporter -->
<testsuite skipped="0" hostname="DESKTOP-12J8RIJ" name="com.TestNg.practise.TestNGExample" tests="1" failures="0" timestamp="2022-06-30T23:07:32 IST" time="0.006" errors="0">
  <testcase name="f" time="0.006" classname="com.TestNg.practise.TestNGExample"/>
  <system-out/>
</testsuite> <!-- com.TestNg.practise.TestNGExample -->
