<?xml version="1.0" encoding="UTF-8"?>
<!-- Generated by org.testng.reporters.JUnitReportReporter -->
<testsuite skipped="0" hostname="DESKTOP-12J8RIJ" name="com.TestNg.practise.Test_Ng" tests="2" failures="0" timestamp="2022-06-30T23:43:13 IST" time="0.058" errors="0">
  <testcase name="Login" time="0.026" classname="com.TestNg.practise.Test_Ng"/>
  <system-out/>
  <testcase name="Homepage" time="0.032" classname="com.TestNg.practise.Test_Ng"/>
  <system-out/>
</testsuite> <!-- com.TestNg.practise.Test_Ng -->
